# JRE version: OpenJDK Runtime Environment (17.0.6) (build 17.0.6+0-b2043.56-9586694)
# Java VM: OpenJDK 64-Bit Server VM (17.0.6+0-b2043.56-9586694, mixed mode, tiered, compressed oops, compressed class ptrs, g1 gc, windows-amd64)
GC Precious Log:
 CPUs: 8 total, 8 available
 Memory: 10153M
 Large Page Support: Disabled
 NUMA Support: Disabled
 Compressed Oops: Enabled (32-bit)
 Heap Region Size: 1M
 Heap Min Capacity: 8M
 Heap Initial Capacity: 160M
 Heap Max Capacity: 2G
 Pre-touch: Disabled
 Parallel Workers: 8
 Concurrent Workers: 2
 Concurrent Refinement Workers: 8
 Periodic GC: Disabled
Heap:
 garbage-first heap   total 376832K, used 237970K [0x0000000080000000, 0x0000000100000000)
  region size 1024K, 12 young (12288K), 12 survivors (12288K)
 Metaspace       used 117763K, committed 118592K, reserved 1155072K
  class space    used 15815K, committed 16192K, reserved 1048576K
GC Heap History (20 events):
Event: 37.647 GC heap after
{Heap after GC invocations=47 (full 0):
 garbage-first heap   total 299008K, used 116264K [0x0000000080000000, 0x0000000100000000)
  region size 1024K, 18 young (18432K), 18 survivors (18432K)
 Metaspace       used 93934K, committed 94656K, reserved 1130496K
  class space    used 12691K, committed 13056K, reserved 1048576K
}
Event: 38.274 GC heap before
{Heap before GC invocations=47 (full 0):
 garbage-first heap   total 299008K, used 243240K [0x0000000080000000, 0x0000000100000000)
  region size 1024K, 113 young (115712K), 18 survivors (18432K)
 Metaspace       used 97813K, committed 98496K, reserved 1138688K
  class space    used 13018K, committed 13376K, reserved 1048576K
}
Event: 38.289 GC heap after
{Heap after GC invocations=48 (full 0):
 garbage-first heap   total 299008K, used 123189K [0x0000000080000000, 0x0000000100000000)
  region size 1024K, 7 young (7168K), 7 survivors (7168K)
 Metaspace       used 97813K, committed 98496K, reserved 1138688K
  class space    used 13018K, committed 13376K, reserved 1048576K
}
Event: 39.165 GC heap before
{Heap before GC invocations=48 (full 0):
 garbage-first heap   total 299008K, used 227637K [0x0000000080000000, 0x0000000100000000)
  region size 1024K, 104 young (106496K), 7 survivors (7168K)
 Metaspace       used 100065K, committed 100800K, reserved 1138688K
  class space    used 13252K, committed 13632K, reserved 1048576K
}
Event: 39.170 GC heap after
{Heap after GC invocations=49 (full 0):
 garbage-first heap   total 299008K, used 121008K [0x0000000080000000, 0x0000000100000000)
  region size 1024K, 5 young (5120K), 5 survivors (5120K)
 Metaspace       used 100065K, committed 100800K, reserved 1138688K
  class space    used 13252K, committed 13632K, reserved 1048576K
}
Event: 40.617 GC heap before
{Heap before GC invocations=49 (full 0):
 garbage-first heap   total 299008K, used 227504K [0x0000000080000000, 0x0000000100000000)
  region size 1024K, 110 young (112640K), 5 survivors (5120K)
 Metaspace       used 106505K, committed 107264K, reserved 1146880K
  class space    used 14088K, committed 14464K, reserved 1048576K
}
Event: 40.628 GC heap after
{Heap after GC invocations=50 (full 0):
 garbage-first heap   total 299008K, used 129678K [0x0000000080000000, 0x0000000100000000)
  region size 1024K, 13 young (13312K), 13 survivors (13312K)
 Metaspace       used 106505K, committed 107264K, reserved 1146880K
  class space    used 14088K, committed 14464K, reserved 1048576K
}
Event: 41.091 GC heap before
{Heap before GC invocations=50 (full 0):
 garbage-first heap   total 299008K, used 236174K [0x0000000080000000, 0x0000000100000000)
  region size 1024K, 116 young (118784K), 13 survivors (13312K)
 Metaspace       used 108167K, committed 108864K, reserved 1146880K
  class space    used 14322K, committed 14656K, reserved 1048576K
}
Event: 41.108 GC heap after
{Heap after GC invocations=51 (full 0):
 garbage-first heap   total 299008K, used 144711K [0x0000000080000000, 0x0000000100000000)
  region size 1024K, 15 young (15360K), 15 survivors (15360K)
 Metaspace       used 108167K, committed 108864K, reserved 1146880K
  class space    used 14322K, committed 14656K, reserved 1048576K
}
Event: 41.390 GC heap before
{Heap before GC invocations=51 (full 0):
 garbage-first heap   total 299008K, used 236871K [0x0000000080000000, 0x0000000100000000)
  region size 1024K, 106 young (108544K), 15 survivors (15360K)
 Metaspace       used 110304K, committed 111104K, reserved 1146880K
  class space    used 14641K, committed 15040K, reserved 1048576K
}
Event: 41.402 GC heap after
{Heap after GC invocations=52 (full 0):
 garbage-first heap   total 299008K, used 160996K [0x0000000080000000, 0x0000000100000000)
  region size 1024K, 14 young (14336K), 14 survivors (14336K)
 Metaspace       used 110304K, committed 111104K, reserved 1146880K
  class space    used 14641K, committed 15040K, reserved 1048576K
}
Event: 41.718 GC heap before
{Heap before GC invocations=52 (full 0):
 garbage-first heap   total 299008K, used 237796K [0x0000000080000000, 0x0000000100000000)
  region size 1024K, 89 young (91136K), 14 survivors (14336K)
 Metaspace       used 112659K, committed 113408K, reserved 1155072K
  class space    used 14971K, committed 15360K, reserved 1048576K
}
Event: 41.733 GC heap after
{Heap after GC invocations=53 (full 0):
 garbage-first heap   total 376832K, used 170999K [0x0000000080000000, 0x0000000100000000)
  region size 1024K, 12 young (12288K), 12 survivors (12288K)
 Metaspace       used 112659K, committed 113408K, reserved 1155072K
  class space    used 14971K, committed 15360K, reserved 1048576K
}
Event: 42.094 GC heap before
{Heap before GC invocations=53 (full 0):
 garbage-first heap   total 376832K, used 290807K [0x0000000080000000, 0x0000000100000000)
  region size 1024K, 128 young (131072K), 12 survivors (12288K)
 Metaspace       used 114795K, committed 115584K, reserved 1155072K
  class space    used 15334K, committed 15680K, reserved 1048576K
}
Event: 42.120 GC heap after
{Heap after GC invocations=54 (full 0):
 garbage-first heap   total 376832K, used 188415K [0x0000000080000000, 0x0000000100000000)
  region size 1024K, 16 young (16384K), 16 survivors (16384K)
 Metaspace       used 114795K, committed 115584K, reserved 1155072K
  class space    used 15334K, committed 15680K, reserved 1048576K
}
Event: 42.313 GC heap before
{Heap before GC invocations=54 (full 0):
 garbage-first heap   total 376832K, used 293887K [0x0000000080000000, 0x0000000100000000)
  region size 1024K, 120 young (122880K), 16 survivors (16384K)
 Metaspace       used 116129K, committed 116928K, reserved 1155072K
  class space    used 15481K, committed 15872K, reserved 1048576K
}
Event: 42.343 GC heap after
{Heap after GC invocations=55 (full 0):
 garbage-first heap   total 376832K, used 207752K [0x0000000080000000, 0x0000000100000000)
  region size 1024K, 15 young (15360K), 15 survivors (15360K)
 Metaspace       used 116129K, committed 116928K, reserved 1155072K
  class space    used 15481K, committed 15872K, reserved 1048576K
}
Event: 42.528 GC heap before
{Heap before GC invocations=55 (full 0):
 garbage-first heap   total 376832K, used 299912K [0x0000000080000000, 0x0000000100000000)
  region size 1024K, 105 young (107520K), 15 survivors (15360K)
 Metaspace       used 117573K, committed 118336K, reserved 1155072K
  class space    used 15785K, committed 16128K, reserved 1048576K
}
Event: 42.550 GC heap after
{Heap after GC invocations=56 (full 0):
 garbage-first heap   total 376832K, used 224255K [0x0000000080000000, 0x0000000100000000)
  region size 1024K, 14 young (14336K), 14 survivors (14336K)
 Metaspace       used 117573K, committed 118336K, reserved 1155072K
  class space    used 15785K, committed 16128K, reserved 1048576K
}
Event: 42.668 GC heap before
{Heap before GC invocations=56 (full 0):
 garbage-first heap   total 376832K, used 305151K [0x0000000080000000, 0x0000000100000000)
  region size 1024K, 93 young (95232K), 14 survivors (14336K)
 Metaspace       used 117763K, committed 118592K, reserved 1155072K
  class space    used 15815K, committed 16192K, reserved 1048576K
}

