# JRE version: OpenJDK Runtime Environment (17.0.6) (build 17.0.6+0-b2043.56-9586694)
# Java VM: OpenJDK 64-Bit Server VM (17.0.6+0-b2043.56-9586694, mixed mode, tiered, compressed oops, compressed class ptrs, g1 gc, windows-amd64)
GC Precious Log:
 CPUs: 8 total, 8 available
 Memory: 10153M
 Large Page Support: Disabled
 NUMA Support: Disabled
 Compressed Oops: Enabled (32-bit)
 Heap Region Size: 1M
 Heap Min Capacity: 8M
 Heap Initial Capacity: 160M
 Heap Max Capacity: 2G
 Pre-touch: Disabled
 Parallel Workers: 8
 Concurrent Workers: 2
 Concurrent Refinement Workers: 8
 Periodic GC: Disabled
Heap:
 garbage-first heap   total 403456K, used 190698K [0x0000000080000000, 0x0000000100000000)
  region size 1024K, 35 young (35840K), 20 survivors (20480K)
 Metaspace       used 111790K, committed 112448K, reserved 1146880K
  class space    used 15572K, committed 15872K, reserved 1048576K
GC Heap History (20 events):
Event: 12.216 GC heap before
{Heap before GC invocations=33 (full 0):
 garbage-first heap   total 201728K, used 150458K [0x0000000080000000, 0x0000000100000000)
  region size 1024K, 85 young (87040K), 11 survivors (11264K)
 Metaspace       used 85138K, committed 85760K, reserved 1130496K
  class space    used 11710K, committed 11968K, reserved 1048576K
}
Event: 12.229 GC heap after
{Heap after GC invocations=34 (full 0):
 garbage-first heap   total 201728K, used 81352K [0x0000000080000000, 0x0000000100000000)
  region size 1024K, 6 young (6144K), 6 survivors (6144K)
 Metaspace       used 85138K, committed 85760K, reserved 1130496K
  class space    used 11710K, committed 11968K, reserved 1048576K
}
Event: 13.245 GC heap before
{Heap before GC invocations=34 (full 0):
 garbage-first heap   total 201728K, used 156104K [0x0000000080000000, 0x0000000100000000)
  region size 1024K, 80 young (81920K), 6 survivors (6144K)
 Metaspace       used 91342K, committed 91968K, reserved 1130496K
  class space    used 12489K, committed 12800K, reserved 1048576K
}
Event: 13.254 GC heap after
{Heap after GC invocations=35 (full 0):
 garbage-first heap   total 201728K, used 87226K [0x0000000080000000, 0x0000000100000000)
  region size 1024K, 10 young (10240K), 10 survivors (10240K)
 Metaspace       used 91342K, committed 91968K, reserved 1130496K
  class space    used 12489K, committed 12800K, reserved 1048576K
}
Event: 13.825 GC heap before
{Heap before GC invocations=35 (full 0):
 garbage-first heap   total 201728K, used 158906K [0x0000000080000000, 0x0000000100000000)
  region size 1024K, 81 young (82944K), 10 survivors (10240K)
 Metaspace       used 94130K, committed 94784K, reserved 1130496K
  class space    used 12874K, committed 13184K, reserved 1048576K
}
Event: 13.838 GC heap after
{Heap after GC invocations=36 (full 0):
 garbage-first heap   total 201728K, used 95333K [0x0000000080000000, 0x0000000100000000)
  region size 1024K, 8 young (8192K), 8 survivors (8192K)
 Metaspace       used 94130K, committed 94784K, reserved 1130496K
  class space    used 12874K, committed 13184K, reserved 1048576K
}
Event: 14.111 GC heap before
{Heap before GC invocations=36 (full 0):
 garbage-first heap   total 201728K, used 159845K [0x0000000080000000, 0x0000000100000000)
  region size 1024K, 72 young (73728K), 8 survivors (8192K)
 Metaspace       used 96599K, committed 97280K, reserved 1138688K
  class space    used 13249K, committed 13568K, reserved 1048576K
}
Event: 14.120 GC heap after
{Heap after GC invocations=37 (full 0):
 garbage-first heap   total 201728K, used 104425K [0x0000000080000000, 0x0000000100000000)
  region size 1024K, 9 young (9216K), 9 survivors (9216K)
 Metaspace       used 96599K, committed 97280K, reserved 1138688K
  class space    used 13249K, committed 13568K, reserved 1048576K
}
Event: 14.368 GC heap before
{Heap before GC invocations=37 (full 0):
 garbage-first heap   total 201728K, used 161769K [0x0000000080000000, 0x0000000100000000)
  region size 1024K, 65 young (66560K), 9 survivors (9216K)
 Metaspace       used 99510K, committed 100224K, reserved 1138688K
  class space    used 13689K, committed 14016K, reserved 1048576K
}
Event: 14.382 GC heap after
{Heap after GC invocations=38 (full 0):
 garbage-first heap   total 403456K, used 114364K [0x0000000080000000, 0x0000000100000000)
  region size 1024K, 9 young (9216K), 9 survivors (9216K)
 Metaspace       used 99510K, committed 100224K, reserved 1138688K
  class space    used 13689K, committed 14016K, reserved 1048576K
}
Event: 14.951 GC heap before
{Heap before GC invocations=38 (full 0):
 garbage-first heap   total 403456K, used 302780K [0x0000000080000000, 0x0000000100000000)
  region size 1024K, 191 young (195584K), 9 survivors (9216K)
 Metaspace       used 104412K, committed 105152K, reserved 1146880K
  class space    used 14511K, committed 14848K, reserved 1048576K
}
Event: 14.982 GC heap after
{Heap after GC invocations=39 (full 0):
 garbage-first heap   total 403456K, used 138650K [0x0000000080000000, 0x0000000100000000)
  region size 1024K, 24 young (24576K), 24 survivors (24576K)
 Metaspace       used 104412K, committed 105152K, reserved 1146880K
  class space    used 14511K, committed 14848K, reserved 1048576K
}
Event: 15.676 GC heap before
{Heap before GC invocations=39 (full 0):
 garbage-first heap   total 403456K, used 297370K [0x0000000080000000, 0x0000000100000000)
  region size 1024K, 179 young (183296K), 24 survivors (24576K)
 Metaspace       used 108562K, committed 109312K, reserved 1146880K
  class space    used 15206K, committed 15552K, reserved 1048576K
}
Event: 15.710 GC heap after
{Heap after GC invocations=40 (full 0):
 garbage-first heap   total 403456K, used 156247K [0x0000000080000000, 0x0000000100000000)
  region size 1024K, 17 young (17408K), 17 survivors (17408K)
 Metaspace       used 108562K, committed 109312K, reserved 1146880K
  class space    used 15206K, committed 15552K, reserved 1048576K
}
Event: 16.461 GC heap before
{Heap before GC invocations=40 (full 0):
 garbage-first heap   total 403456K, used 304727K [0x0000000080000000, 0x0000000100000000)
  region size 1024K, 163 young (166912K), 17 survivors (17408K)
 Metaspace       used 109750K, committed 110464K, reserved 1146880K
  class space    used 15356K, committed 15680K, reserved 1048576K
}
Event: 16.478 GC heap after
{Heap after GC invocations=41 (full 0):
 garbage-first heap   total 403456K, used 159189K [0x0000000080000000, 0x0000000100000000)
  region size 1024K, 4 young (4096K), 4 survivors (4096K)
 Metaspace       used 109750K, committed 110464K, reserved 1146880K
  class space    used 15356K, committed 15680K, reserved 1048576K
}
Event: 17.132 GC heap before
{Heap before GC invocations=41 (full 0):
 garbage-first heap   total 403456K, used 316885K [0x0000000080000000, 0x0000000100000000)
  region size 1024K, 158 young (161792K), 4 survivors (4096K)
 Metaspace       used 111160K, committed 111872K, reserved 1146880K
  class space    used 15547K, committed 15872K, reserved 1048576K
}
Event: 17.140 GC heap after
{Heap after GC invocations=42 (full 0):
 garbage-first heap   total 403456K, used 159189K [0x0000000080000000, 0x0000000100000000)
  region size 1024K, 4 young (4096K), 4 survivors (4096K)
 Metaspace       used 111160K, committed 111872K, reserved 1146880K
  class space    used 15547K, committed 15872K, reserved 1048576K
}
Event: 17.698 GC heap before
{Heap before GC invocations=42 (full 0):
 garbage-first heap   total 403456K, used 326101K [0x0000000080000000, 0x0000000100000000)
  region size 1024K, 167 young (171008K), 4 survivors (4096K)
 Metaspace       used 111494K, committed 112192K, reserved 1146880K
  class space    used 15567K, committed 15872K, reserved 1048576K
}
Event: 17.708 GC heap after
{Heap after GC invocations=43 (full 0):
 garbage-first heap   total 403456K, used 159102K [0x0000000080000000, 0x0000000100000000)
  region size 1024K, 4 young (4096K), 4 survivors (4096K)
 Metaspace       used 111494K, committed 112192K, reserved 1146880K
  class space    used 15567K, committed 15872K, reserved 1048576K
}

